{
  "RSpec": {
    "coverage": {
      "/Users/ericbelongea/Documents/turing_work/4mod/le_boulangerie/rails_bread_be/config/environment.rb": {
        "lines": [
          null,
          1,
          null,
          null,
          1
        ]
      },
      "/Users/ericbelongea/Documents/turing_work/4mod/le_boulangerie/rails_bread_be/config/application.rb": {
        "lines": [
          1,
          null,
          1,
          null,
          1,
          1,
          1,
          1,
          1,
          1,
          1,
          1,
          1,
          1,
          null,
          null,
          null,
          null,
          1,
          null,
          1,
          1,
          null,
          1,
          null,
          null,
          null,
          null,
          null,
          null,
          null,
          null,
          null,
          null,
          null,
          null,
          1,
          null,
          null
        ]
      },
      "/Users/ericbelongea/Documents/turing_work/4mod/le_boulangerie/rails_bread_be/config/boot.rb": {
        "lines": [
          1,
          null,
          1,
          1
        ]
      },
      "/Users/ericbelongea/Documents/turing_work/4mod/le_boulangerie/rails_bread_be/config/environments/test.rb": {
        "lines": [
          1,
          null,
          null,
          null,
          null,
          null,
          null,
          1,
          null,
          null,
          null,
          1,
          null,
          null,
          null,
          null,
          1,
          null,
          null,
          1,
          1,
          null,
          null,
          null,
          null,
          1,
          1,
          1,
          null,
          null,
          1,
          null,
          null,
          1,
          null,
          null,
          1,
          null,
          1,
          null,
          null,
          null,
          null,
          1,
          null,
          null,
          1,
          null,
          null,
          1,
          null,
          null,
          1,
          null,
          null,
          null,
          null,
          null,
          null,
          null
        ]
      },
      "/Users/ericbelongea/Documents/turing_work/4mod/le_boulangerie/rails_bread_be/config/initializers/cors.rb": {
        "lines": [
          null,
          null,
          null,
          null,
          null,
          null,
          null,
          null,
          null,
          null,
          null,
          null,
          null,
          null,
          null,
          null
        ]
      },
      "/Users/ericbelongea/Documents/turing_work/4mod/le_boulangerie/rails_bread_be/config/initializers/filter_parameter_logging.rb": {
        "lines": [
          null,
          null,
          null,
          null,
          null,
          1,
          null,
          null
        ]
      },
      "/Users/ericbelongea/Documents/turing_work/4mod/le_boulangerie/rails_bread_be/config/initializers/inflections.rb": {
        "lines": [
          null,
          null,
          null,
          null,
          null,
          null,
          null,
          null,
          null,
          null,
          null,
          null,
          null,
          null,
          null,
          null
        ]
      },
      "/Users/ericbelongea/Documents/turing_work/4mod/le_boulangerie/rails_bread_be/config/routes.rb": {
        "lines": [
          1,
          null,
          1,
          1,
          1,
          1,
          null,
          null,
          null
        ]
      },
      "/Users/ericbelongea/Documents/turing_work/4mod/le_boulangerie/rails_bread_be/app/models/bread.rb": {
        "lines": [
          1,
          1,
          null,
          1,
          1,
          null
        ]
      },
      "/Users/ericbelongea/Documents/turing_work/4mod/le_boulangerie/rails_bread_be/app/models/application_record.rb": {
        "lines": [
          1,
          1,
          null
        ]
      },
      "/Users/ericbelongea/Documents/turing_work/4mod/le_boulangerie/rails_bread_be/spec/models/country_spec.rb": {
        "lines": [
          1,
          null,
          1,
          1,
          null
        ]
      },
      "/Users/ericbelongea/Documents/turing_work/4mod/le_boulangerie/rails_bread_be/app/models/country.rb": {
        "lines": [
          1,
          1,
          null,
          1,
          null
        ]
      },
      "/Users/ericbelongea/Documents/turing_work/4mod/le_boulangerie/rails_bread_be/spec/models/user_bread_spec.rb": {
        "lines": [
          1,
          null,
          1,
          1,
          null
        ]
      },
      "/Users/ericbelongea/Documents/turing_work/4mod/le_boulangerie/rails_bread_be/app/models/user_bread.rb": {
        "lines": [
          1,
          1,
          1,
          null
        ]
      },
      "/Users/ericbelongea/Documents/turing_work/4mod/le_boulangerie/rails_bread_be/spec/models/user_spec.rb": {
        "lines": [
          1,
          null,
          1,
          1,
          null
        ]
      },
      "/Users/ericbelongea/Documents/turing_work/4mod/le_boulangerie/rails_bread_be/app/models/user.rb": {
        "lines": [
          1,
          1,
          1,
          null,
          1,
          1,
          1,
          null
        ]
      },
      "/Users/ericbelongea/Documents/turing_work/4mod/le_boulangerie/rails_bread_be/spec/requests/v1/countries/index_spec.rb": {
        "lines": [
          1,
          null,
          1,
          1,
          1,
          1,
          1,
          1,
          1,
          1,
          null,
          null,
          1,
          null,
          1,
          null,
          1,
          1,
          null,
          1,
          1,
          null,
          1,
          6,
          6,
          6,
          6,
          6,
          6,
          6,
          6,
          null,
          null,
          null
        ]
      },
      "/Users/ericbelongea/Documents/turing_work/4mod/le_boulangerie/rails_bread_be/app/controllers/api/v1/countries_controller.rb": {
        "lines": [
          1,
          null,
          1,
          1,
          null,
          null,
          null,
          null,
          null,
          null
        ]
      },
      "/Users/ericbelongea/Documents/turing_work/4mod/le_boulangerie/rails_bread_be/app/controllers/application_controller.rb": {
        "lines": [
          1,
          null
        ]
      },
      "/Users/ericbelongea/Documents/turing_work/4mod/le_boulangerie/rails_bread_be/app/serializers/countries_serializer.rb": {
        "lines": [
          1,
          1,
          1,
          null
        ]
      }
    },
    "timestamp": 1706905527
  }
}
